background
239477 | 2009_001108
226221 | 2008_001547
218324 | 2011_001910
215877 | 2010_003231
213765 | 2009_001314
209438 | 2007_001733
203310 | 2009_002594
200522 | 2010_001017
200496 | 2010_003915
200019 | 2010_003275
198790 | 2009_000087
198573 | 2008_002492
198502 | 2010_000836
191386 | 2010_001069
191093 | 2008_000182
187553 | 2009_002445
186836 | 2011_001669
186156 | 2007_003611
186070 | 2011_002244
185979 | 2011_002863
185977 | 2007_000862
185869 | 2010_002701
185505 | 2008_007836
184651 | 2009_004070
184571 | 2011_000912
183672 | 2010_005922
183373 | 2007_005358
182575 | 2009_000989
182503 | 2011_001782
182440 | 2009_005156
181924 | 2007_009911
181508 | 2011_001020
181365 | 2011_001313
181338 | 2007_007477
180929 | 2009_004653
180894 | 2011_001529
180749 | 2007_004969
180742 | 2009_002591
180510 | 2008_001514
180424 | 2008_005398
180421 | 2010_005531
180204 | 2010_002450
180198 | 2010_001820
180065 | 2007_001377
179996 | 2007_006549
179927 | 2008_005262
179336 | 2010_005888
179256 | 2007_001587
179157 | 2007_003872
178850 | 2011_000436
178410 | 2010_004795
178251 | 2009_002771
178207 | 2007_003714
177136 | 2010_004337
176881 | 2008_006036
176676 | 2008_000009
176674 | 2010_004063
176618 | 2011_001161
176424 | 2009_005089
176317 | 2007_009458
176295 | 2010_002538
175704 | 2010_000502
175158 | 2007_002412
174728 | 2011_002993
174399 | 2010_004628
174238 | 2010_003708
173703 | 2010_000084
173403 | 2009_005087
173248 | 2010_005245
173080 | 2009_004247
173054 | 2011_002150
173009 | 2009_005260
172484 | 2008_006784
172371 | 2008_006143
172336 | 2010_005421
172196 | 2010_001563
172143 | 2011_003145
171995 | 2009_000840
171878 | 2010_003127
171410 | 2008_001150
170816 | 2010_001313
170809 | 2010_003418
170800 | 2011_000291
170784 | 2008_000501
170704 | 2007_005058
170529 | 2008_004687
170460 | 2009_000351
170433 | 2008_008296
170415 | 2007_009323
170231 | 2010_003183
170105 | 2008_001028
170013 | 2008_002429
169746 | 2010_005877
169688 | 2009_000964
169538 | 2009_000935
169531 | 2007_005915
169006 | 2011_000112
168997 | 2009_000421
168977 | 2011_000807
168884 | 2010_002200
168827 | 2009_002171
168759 | 2009_000037
168723 | 2008_008682
168676 | 2011_002730
168590 | 2009_003063
168468 | 2009_004540
168409 | 2009_000705
168311 | 2010_000918
168043 | 2009_004084
167891 | 2010_001070
167842 | 2008_001682
167093 | 2009_000022
167059 | 2009_002936
166948 | 2010_003409
166898 | 2010_002310
166839 | 2010_000065
166578 | 2007_007084
166008 | 2011_001350
165852 | 2011_002548
165249 | 2009_005137
164692 | 2007_005857
164662 | 2008_004910
164498 | 2010_001061
164466 | 2010_000929
164304 | 2009_001363
164280 | 2007_008980
164264 | 2011_001748
163952 | 2009_001300
163876 | 2010_000038
163534 | 2010_005353
163285 | 2010_000309
163079 | 2008_001135
163015 | 2010_000961
162920 | 2008_000700
162899 | 2008_007048
162858 | 2009_002604
162743 | 2009_003569
162594 | 2011_003085
162563 | 2011_002295
162562 | 2008_008127
162466 | 2008_001070
162390 | 2009_000080
162262 | 2009_000318
162209 | 2010_000622
162144 | 2010_003771
162132 | 2007_005107
161955 | 2009_000440
161876 | 2008_006219
161864 | 2007_008339
161833 | 2008_007392
161646 | 2007_001154
161466 | 2008_000080
161302 | 2007_000464
161236 | 2009_003928
161167 | 2011_001082
161090 | 2009_003323
161063 | 2007_008722
160821 | 2010_001966
160652 | 2010_001036
160546 | 2011_000669
160450 | 2011_000481
160416 | 2008_001040
160397 | 2008_004363
160168 | 2007_009521
160113 | 2007_003131
160103 | 2010_004857
159923 | 2009_003640
159873 | 2008_000073
159787 | 2009_002035
159387 | 2010_004208
159354 | 2011_002951
159207 | 2009_000628
159096 | 2011_000396
158871 | 2010_001448
158835 | 2009_004801
158494 | 2007_006761
158331 | 2009_002320
158231 | 2008_004212
158141 | 2008_008392
158110 | 2008_008268
157954 | 2007_008256
157839 | 2009_003065
157804 | 2011_003205
157550 | 2007_003110
157477 | 2009_003450
157111 | 2008_000853
157085 | 2007_001955
157004 | 2010_001734
156839 | 2010_000906
156767 | 2007_008645
156740 | 2009_004033
156722 | 2008_007548
156476 | 2007_007165
156414 | 2009_004217
156334 | 2011_001613
156293 | 2010_004635
156168 | 2008_004339
156090 | 2010_003912
156072 | 2011_002997
156031 | 2009_002042
155952 | 2008_004399
155912 | 2010_000083
155762 | 2008_007273
155718 | 2009_005262
155718 | 2009_002651
155584 | 2007_002387
155411 | 2009_003043
155320 | 2008_002835
155115 | 2007_001884
154866 | 2008_001231
154847 | 2010_005496
154842 | 2007_006837
154807 | 2011_001624
154793 | 2011_002879
154585 | 2011_001190
154470 | 2009_001278
154440 | 2009_004324
154433 | 2009_005190
154362 | 2009_000641
153939 | 2008_000469
153838 | 2008_002681
153669 | 2011_000338
153598 | 2009_000879
153565 | 2009_001765
153334 | 2008_007497
153327 | 2010_004314
153075 | 2007_009419
153068 | 2007_006444
153024 | 2008_007123
152967 | 2009_003196
152936 | 2011_002662
152884 | 2008_005525
152814 | 2009_000446
152605 | 2011_000310
152525 | 2010_006054
152406 | 2009_002165
152101 | 2009_000156
152066 | 2010_002150
152036 | 2008_000254
151785 | 2011_001159
151771 | 2009_002094
151644 | 2009_000455
151554 | 2011_002002
151540 | 2008_005642
151527 | 2010_004419
151494 | 2010_005705
151377 | 2011_000456
151210 | 2007_001585
151179 | 2011_000045
150864 | 2008_004624
150578 | 2009_002082
150469 | 2007_007341
150465 | 2008_004621
150361 | 2007_006373
150330 | 2011_001114
150306 | 2008_001170
150194 | 2011_000747
150141 | 2009_002573
150111 | 2007_009346
150024 | 2010_006026
149818 | 2008_001971
149788 | 2010_002232
149778 | 2008_005676
149775 | 2008_006159
149518 | 2007_000830
149409 | 2010_000342
149316 | 2009_000664
149210 | 2011_002535
149176 | 2010_000335
149013 | 2009_000205
148970 | 2008_001580
148862 | 2007_009923
148682 | 2009_001160
148613 | 2007_005759
148573 | 2009_005158
148500 | 2009_001731
148471 | 2008_000765
148402 | 2011_002223
148392 | 2009_000039
148373 | 2009_000573
148348 | 2009_004125
148287 | 2008_001379
148194 | 2007_003571
148175 | 2007_002643
147962 | 2009_001851
147940 | 2009_003193
147772 | 2007_009938
147558 | 2009_005189
147357 | 2010_001246
147304 | 2011_001708
147266 | 2011_000658
147173 | 2007_001594
147170 | 2009_001433
147098 | 2007_008051
147075 | 2010_003547
147047 | 2008_007031
147014 | 2009_000892
146996 | 2009_004509
146993 | 2009_005078
146974 | 2009_004848
146910 | 2007_007211
146847 | 2007_000783
146840 | 2007_008084
146831 | 2008_007814
146827 | 2009_004592
146647 | 2009_003857
146341 | 2007_005281
146282 | 2007_008596
146045 | 2007_009331
145994 | 2007_007470
145883 | 2011_002124
145840 | 2007_003621
145656 | 2010_005534
145599 | 2008_003155
145592 | 2007_008415
145371 | 2010_001256
145350 | 2009_004942
145180 | 2009_004221
145172 | 2007_001289
145138 | 2010_004550
145126 | 2009_003707
145049 | 2008_000271
144918 | 2010_003446
144659 | 2009_005231
144608 | 2009_003378
144536 | 2010_004042
144513 | 2009_004494
144473 | 2010_001913
144355 | 2010_001557
144339 | 2007_009817
144332 | 2008_002239
144287 | 2007_004189
144283 | 2009_001683
144066 | 2008_008746
144065 | 2011_001047
143965 | 2008_003886
143802 | 2011_001014
143757 | 2010_004789
143711 | 2009_000675
143663 | 2009_003498
143555 | 2008_002904
143521 | 2009_001850
143367 | 2010_001908
143314 | 2007_005600
143207 | 2008_002778
143100 | 2008_000510
142890 | 2007_002094
142839 | 2008_006325
142783 | 2008_003976
142753 | 2008_006528
142738 | 2007_002266
142636 | 2009_004886
142631 | 2009_000991
142452 | 2008_002623
142377 | 2010_003207
142306 | 2009_003804
142250 | 2008_006216
142136 | 2009_003806
141993 | 2007_003991
141770 | 2007_002132
141757 | 2008_003876
141620 | 2008_002588
141557 | 2009_003005
141490 | 2010_001768
141463 | 2008_000239
141254 | 2007_009897
141204 | 2009_000931
141091 | 2008_000123
140919 | 2008_007120
140877 | 2007_005705
140671 | 2009_002888
140635 | 2011_002929
140577 | 2008_000848
140512 | 2009_002635
140402 | 2009_003903
140192 | 2007_004143
140134 | 2007_008973
140014 | 2007_008708
139959 | 2009_003858
139887 | 2011_002371
139865 | 2011_001546
139833 | 2007_002648
139742 | 2007_004722
139726 | 2008_007527
139708 | 2007_004052
139694 | 2011_001489
139431 | 2009_001991
139420 | 2007_008374
139363 | 2009_002097
139241 | 2009_004568
139122 | 2007_003195
138835 | 2010_000241
138792 | 2008_000911
138782 | 2008_005738
138684 | 2008_001874
138671 | 2008_001433
138638 | 2008_007143
138328 | 2008_000464
138181 | 2010_003716
138102 | 2010_003168
138033 | 2009_000998
137814 | 2009_003224
137616 | 2008_003379
137563 | 2008_004995
137492 | 2011_000536
137185 | 2011_002509
137163 | 2007_009392
137156 | 2009_002753
137105 | 2010_003495
136976 | 2011_001346
136925 | 2010_004041
136799 | 2008_001640
136753 | 2009_003576
136714 | 2011_002040
136689 | 2009_004969
136681 | 2011_000238
136653 | 2009_001411
136644 | 2010_003506
136582 | 2009_004635
136547 | 2009_000136
136466 | 2009_002549
136326 | 2009_003105
136266 | 2007_007748
136259 | 2009_002390
136171 | 2010_000738
135963 | 2011_000503
135943 | 2008_006703
135846 | 2007_003051
135809 | 2010_001149
135807 | 2011_001794
135731 | 2007_004193
135719 | 2008_000725
135697 | 2008_003782
135604 | 2008_006835
135601 | 2008_007513
135418 | 2007_001299
135236 | 2011_002041
135232 | 2008_001715
135213 | 2008_002936
135131 | 2008_001260
135041 | 2011_002885
134987 | 2009_002295
134922 | 2009_000201
134824 | 2010_001016
134746 | 2009_002618
134735 | 2011_002623
134673 | 2007_000033
134667 | 2007_009251
134591 | 2010_000907
134555 | 2008_004654
134549 | 2007_004644
134351 | 2010_003772
134195 | 2011_001984
134084 | 2010_005727
134017 | 2009_003217
133921 | 2009_002928
133674 | 2007_009841
133669 | 2007_006553
133587 | 2010_004543
133565 | 2010_003768
132860 | 2008_001688
132714 | 2010_006034
132630 | 2009_000387
132500 | 2009_003971
132492 | 2009_001718
132466 | 2009_003666
132408 | 2007_004241
132331 | 2007_002619
132329 | 2007_001288
132178 | 2008_003709
132138 | 2007_001239
132079 | 2007_000676
132056 | 2008_002152
132009 | 2007_003022
131987 | 2011_001287
131899 | 2007_002823
131722 | 2009_000013
131537 | 2010_003758
131114 | 2007_008670
130958 | 2007_004121
130948 | 2009_000727
130500 | 2007_000661
130442 | 2008_004612
130388 | 2010_000572
130364 | 2010_002146
130275 | 2011_003019
130067 | 2007_009756
130045 | 2010_005252
129997 | 2011_001263
129957 | 2008_004279
129918 | 2008_001249
129810 | 2007_003349
129761 | 2008_002504
129727 | 2010_002536
129725 | 2008_002536
129707 | 2009_003080
129672 | 2009_001332
129456 | 2009_002122
129392 | 2009_001565
129312 | 2008_004477
129302 | 2009_000828
129278 | 2007_001586
129272 | 2010_000666
129071 | 2011_002675
129071 | 2009_005219
128966 | 2011_002098
128938 | 2007_007414
128859 | 2008_006752
128823 | 2007_000727
128801 | 2007_000332
128670 | 2008_002521
128661 | 2010_005433
128654 | 2010_000530
128402 | 2010_001151
128388 | 2008_007677
128338 | 2009_003466
128305 | 2008_007498
128292 | 2010_001699
128231 | 2009_001240
128206 | 2008_005633
128085 | 2008_002358
127935 | 2009_002164
127923 | 2009_000730
127748 | 2011_003003
127704 | 2010_005762
127590 | 2008_007828
127568 | 2007_007235
127557 | 2008_005105
127253 | 2010_001174
127141 | 2009_004987
127098 | 2009_000919
127076 | 2007_008815
127064 | 2011_001793
127050 | 2010_000318
126831 | 2008_000863
126699 | 2008_001531
126686 | 2008_008103
126670 | 2009_000924
126623 | 2011_002298
126468 | 2008_000657
126368 | 2007_005114
126077 | 2007_006076
126044 | 2007_007130
126035 | 2007_008543
126028 | 2008_004754
125885 | 2008_005628
125851 | 2009_002155
125849 | 2009_003696
125785 | 2008_007596
125754 | 2007_001423
125754 | 2008_001629
125745 | 2008_001821
125658 | 2009_001505
125566 | 2009_002539
125524 | 2009_000723
125428 | 2007_006028
125424 | 2010_004120
125422 | 2007_000529
125331 | 2010_001522
125282 | 2008_003451
125091 | 2007_004190
125077 | 2010_003820
124988 | 2008_000345
124926 | 2011_000585
124877 | 2011_000412
124871 | 2007_007836
124864 | 2007_008222
124829 | 2009_000619
124784 | 2009_004738
124589 | 2008_004172
124493 | 2010_004783
124481 | 2010_004519
124056 | 2008_003110
124017 | 2011_000173
123951 | 2007_008747
123947 | 2008_003576
123763 | 2007_006046
123753 | 2010_002988
123738 | 2007_002376
123608 | 2008_005049
123579 | 2007_000837
123494 | 2008_002241
123467 | 2009_003517
123394 | 2009_002239
123253 | 2008_004659
123200 | 2009_002265
123197 | 2009_002012
123041 | 2007_007203
122991 | 2011_000874
122928 | 2011_002754
122898 | 2007_005608
122884 | 2008_001504
122855 | 2010_002396
122598 | 2008_003858
122562 | 2007_001677
122473 | 2009_001644
122388 | 2010_004559
122367 | 2009_003504
122205 | 2007_001458
122201 | 2010_003473
122000 | 2008_001404
121824 | 2010_001851
121738 | 2010_005180
121599 | 2007_003088
121407 | 2007_004866
121388 | 2008_006229
121234 | 2008_000223
120927 | 2008_005422
120831 | 2008_000943
120745 | 2007_004558
120612 | 2009_000242
120235 | 2007_002470
120079 | 2008_000474
120066 | 2007_003194
119990 | 2009_000096
119985 | 2009_003481
119971 | 2009_004730
119907 | 2010_004815
119862 | 2011_001407
119855 | 2008_005637
119769 | 2009_000716
119644 | 2010_004165
119574 | 2009_003771
119496 | 2011_001416
119440 | 2007_003682
119392 | 2008_001078
119053 | 2008_003003
118909 | 2008_000661
118890 | 2008_000630
118749 | 2007_000799
118286 | 2011_001862
118257 | 2008_005089
118103 | 2010_005718
118034 | 2009_001768
117982 | 2011_000419
117963 | 2008_003076
117847 | 2010_002251
117832 | 2007_002046
117669 | 2010_001104
117550 | 2011_002975
117420 | 2008_005197
117248 | 2009_002202
117202 | 2008_004758
117175 | 2010_002147
117146 | 2011_001726
117035 | 2009_000712
117018 | 2007_005828
116783 | 2007_003506
116616 | 2008_001546
116548 | 2010_000628
116480 | 2010_004355
116467 | 2011_000051
116329 | 2007_005354
116326 | 2007_006946
116185 | 2011_000239
116175 | 2010_005575
116144 | 2011_001534
116094 | 2010_001331
116059 | 2010_004226
115961 | 2009_003810
115760 | 2010_004980
115701 | 2011_001064
115664 | 2007_009245
115653 | 2009_003433
115636 | 2009_002535
115447 | 2008_008711
115414 | 2008_003026
115349 | 2010_005664
115304 | 2011_002532
115220 | 2008_003926
115139 | 2008_007025
114991 | 2011_000969
114948 | 2008_002269
114789 | 2007_004649
114781 | 2011_002515
114623 | 2007_001457
114571 | 2007_003711
114467 | 2010_000679
114437 | 2007_009015
114431 | 2010_001995
114210 | 2011_000809
114114 | 2007_002624
113890 | 2007_000636
113883 | 2008_006986
113869 | 2011_001642
113798 | 2010_000284
113759 | 2011_001674
113754 | 2010_005428
113751 | 2007_009221
113741 | 2008_000107
113722 | 2007_003530
113588 | 2010_002030
113523 | 2008_005254
113485 | 2007_001678
113401 | 2007_005509
113375 | 2011_001281
113237 | 2008_004396
113224 | 2011_003103
113054 | 2008_001491
112992 | 2008_003369
112877 | 2007_008106
112755 | 2008_006553
112675 | 2009_000845
112674 | 2007_006866
112603 | 2008_002467
112548 | 2007_009706
112361 | 2011_001421
112110 | 2009_004504
112092 | 2007_003861
111956 | 2007_006678
111891 | 2011_000234
111817 | 2009_002521
111637 | 2011_002064
111540 | 2008_002929
111214 | 2009_000488
111139 | 2010_005206
110885 | 2010_003362
110746 | 2007_005296
110711 | 2008_001076
110354 | 2007_003367
110348 | 2009_002856
110317 | 2009_000149
110279 | 2008_000992
110247 | 2007_001774
110213 | 2007_003957
110057 | 2007_003786
110034 | 2010_004529
109739 | 2009_002366
109597 | 2010_002422
109530 | 2010_000003
109363 | 2007_006035
109238 | 2010_001010
109129 | 2007_001717
109064 | 2010_002682
109009 | 2008_004552
108948 | 2008_003885
108894 | 2007_005294
108843 | 2007_000572
108636 | 2009_002268
108557 | 2008_005691
108536 | 2008_000233
108412 | 2009_004994
108401 | 2009_003904
108154 | 2010_002017
108144 | 2009_004799
108125 | 2010_005118
107964 | 2009_004298
107761 | 2009_001536
107692 | 2007_000559
107439 | 2008_000589
107410 | 2008_008629
107298 | 2009_003991
107290 | 2008_005727
107231 | 2010_005013
107214 | 2008_007350
107207 | 2009_004687
107095 | 2010_000788
106762 | 2007_003917
106592 | 2009_001607
106510 | 2007_004281
106503 | 2007_007195
106412 | 2008_005544
106359 | 2007_003106
106286 | 2008_007804
106241 | 2007_005803
106156 | 2009_000032
105914 | 2010_005788
105899 | 2007_005844
105838 | 2007_009446
105786 | 2010_004861
105773 | 2010_005063
105677 | 2008_006554
105607 | 2007_007849
105527 | 2007_009750
105505 | 2010_003302
105464 | 2008_006341
105367 | 2007_002260
105272 | 2010_001206
105174 | 2007_005978
105056 | 2010_004994
105036 | 2008_002212
104883 | 2010_004104
104804 | 2010_003532
104803 | 2009_001684
104683 | 2010_004520
104398 | 2011_000607
104371 | 2008_000602
104353 | 2008_003676
104334 | 2007_004275
104180 | 2008_007507
104167 | 2007_003587
104002 | 2007_002618
103992 | 2009_004732
103935 | 2008_003499
103879 | 2007_001630
103869 | 2008_000149
103812 | 2009_001804
103745 | 2009_003494
103656 | 2007_002597
103586 | 2009_002527
103572 | 2008_002495
103449 | 2010_003541
103236 | 2007_002119
103225 | 2010_004662
103122 | 2007_009068
103082 | 2009_003507
103022 | 2007_005547
102984 | 2009_002317
102823 | 2009_003938
102738 | 2008_006055
102447 | 2007_001761
102340 | 2011_001589
102317 | 2010_001079
102283 | 2008_003511
102103 | 2009_002584
102025 | 2009_003589
101934 | 2009_004455
101921 | 2009_002990
101867 | 2007_006449
101657 | 2010_002025
101650 | 2010_005160
101582 | 2007_000925
101327 | 2010_000272
101206 | 2007_000452
100992 | 2010_003813
100909 | 2010_003947
100847 | 2008_000391
100655 | 2010_005366
100604 | 2007_008110
100575 | 2009_004993
100574 | 2010_000238
100444 | 2010_001656
100387 | 2009_000412
100201 | 2007_004538
100088 | 2008_005439
100012 | 2010_003060
99932 | 2008_003846
99908 | 2008_001513
99809 | 2011_002308
99672 | 2007_007168
99639 | 2010_003531
99444 | 2009_000012
99068 | 2011_000618
98914 | 2007_002284
98893 | 2009_000074
98745 | 2009_003123
98655 | 2009_003849
98636 | 2007_007524
98465 | 2010_004946
98454 | 2007_003020
98383 | 2010_004941
98357 | 2010_001011
98024 | 2010_003781
97817 | 2008_003492
97724 | 2010_005860
97670 | 2007_005460
97566 | 2010_001577
97450 | 2011_000521
97384 | 2010_001292
97340 | 2008_002043
97325 | 2007_008897
97118 | 2007_000175
97079 | 2007_002719
97043 | 2010_002693
97028 | 2008_008301
96819 | 2007_005428
96775 | 2010_000427
96670 | 2009_003273
96640 | 2007_004510
96558 | 2008_001074
96329 | 2007_007815
96196 | 2009_004043
96142 | 2007_006348
96137 | 2007_001311
96050 | 2007_003137
95952 | 2008_002859
95836 | 2009_002727
95738 | 2008_005445
95697 | 2008_007811
95540 | 2008_000075
95382 | 2008_003105
95321 | 2009_002638
95280 | 2007_009691
95170 | 2010_005501
94966 | 2008_002273
94903 | 2009_002150
94847 | 2008_006008
94807 | 2007_000346
94615 | 2011_001614
94608 | 2008_001478
94592 | 2007_003503
94383 | 2010_003187
94100 | 2007_002852
94095 | 2009_002982
94022 | 2008_000662
93651 | 2007_001568
93612 | 2009_004255
93588 | 2008_000016
93578 | 2011_002644
93408 | 2009_005217
93387 | 2009_000309
93130 | 2007_004483
92731 | 2010_004382
92651 | 2009_002808
92484 | 2009_001535
92337 | 2009_001816
92109 | 2011_001812
92071 | 2008_002383
92059 | 2010_004556
92031 | 2008_005680
92022 | 2011_000888
91924 | 2010_004697
91818 | 2010_000573
91096 | 2011_000598
91031 | 2009_001687
91027 | 2007_000804
91013 | 2010_000163
90957 | 2008_000213
90957 | 2007_007624
90778 | 2011_001713
90766 | 2007_000999
90663 | 2009_005220
90588 | 2010_003132
90499 | 2007_009252
90432 | 2010_002271
90426 | 2008_004101
90338 | 2011_000226
90314 | 2008_000533
90240 | 2010_000422
90130 | 2011_002156
89965 | 2008_003135
89913 | 2007_000061
89868 | 2010_005344
89864 | 2007_009684
89710 | 2008_000120
89596 | 2008_004345
89583 | 2007_009562
89529 | 2009_005302
89326 | 2009_000825
89316 | 2008_004705
89177 | 2008_000215
89154 | 2007_009088
89061 | 2008_003461
88818 | 2007_008204
88529 | 2008_001885
88414 | 2011_002322
88328 | 2010_000952
88279 | 2010_002691
88199 | 2011_001607
88165 | 2010_005644
87975 | 2009_000391
87931 | 2007_005696
87927 | 2008_005904
87734 | 2009_003406
87564 | 2008_003856
87540 | 2010_001752
87355 | 2007_001430
87331 | 2008_004610
87318 | 2009_000704
87298 | 2008_000782
87174 | 2007_002565
87155 | 2008_000919
87136 | 2011_001110
87124 | 2008_007194
87093 | 2011_001880
87061 | 2011_000638
87013 | 2007_006260
86991 | 2011_001292
86904 | 2010_002921
86424 | 2007_008430
86097 | 2011_001434
85998 | 2010_001773
85835 | 2007_009320
85733 | 2007_004856
85718 | 2007_002378
85502 | 2009_003269
85378 | 2010_003956
85339 | 2008_002900
85300 | 2011_003114
85295 | 2007_005331
85244 | 2011_003011
85057 | 2010_005174
85002 | 2008_006108
84990 | 2009_004721
84959 | 2007_000847
84920 | 2010_003402
84836 | 2011_002575
84752 | 2010_003239
84690 | 2009_000121
84303 | 2008_007737
84197 | 2010_003514
84092 | 2010_001692
84014 | 2009_004590
83723 | 2008_008252
83613 | 2011_001988
83407 | 2008_004854
83270 | 2008_007797
83244 | 2008_004069
83137 | 2007_001175
83080 | 2008_002680
83076 | 2008_000811
83073 | 2009_002562
82975 | 2008_006526
82906 | 2009_004021
82887 | 2009_004581
82879 | 2009_003311
82859 | 2008_007378
82374 | 2009_003387
82246 | 2011_001597
82245 | 2009_003542
82234 | 2009_000418
81575 | 2011_002075
81363 | 2007_006277
81359 | 2011_000566
81309 | 2009_004507
81181 | 2007_004392
80873 | 2011_001868
80860 | 2009_001008
80792 | 2008_007945
80785 | 2009_000335
80686 | 2007_005149
80609 | 2007_004380
80607 | 2008_004453
80368 | 2010_002142
80318 | 2010_003764
80282 | 2009_003703
80251 | 2009_000426
80240 | 2010_002763
80228 | 2010_002336
80223 | 2007_007881
80062 | 2009_003756
79559 | 2009_001663
79372 | 2007_000123
79250 | 2009_002975
79229 | 2008_003333
79031 | 2007_006680
78984 | 2010_005706
78500 | 2011_000548
78369 | 2008_005217
78354 | 2008_007402
78202 | 2008_005245
77891 | 2010_003365
77890 | 2008_003034
77888 | 2007_006171
77880 | 2008_002464
77292 | 2009_003299
77212 | 2010_000174
77149 | 2007_005813
76813 | 2010_003293
76679 | 2009_004882
76589 | 2007_007818
76562 | 2008_002205
76451 | 2007_006364
76135 | 2010_005582
76104 | 2010_001251
75966 | 2007_007196
75873 | 2010_006070
75849 | 2011_002317
75520 | 2008_006254
75508 | 2009_002749
75295 | 2008_004562
75275 | 2009_002291
75262 | 2007_003373
75169 | 2008_004704
75164 | 2008_006063
75156 | 2007_006241
74894 | 2010_004825
74891 | 2010_001124
74647 | 2007_009654
74626 | 2010_003468
74502 | 2011_000455
74327 | 2011_001341
74204 | 2011_000512
74095 | 2011_001005
74058 | 2011_000813
73795 | 2008_005812
73753 | 2010_003276
73735 | 2008_004367
73542 | 2009_001391
73428 | 2011_000283
73397 | 2009_000469
73327 | 2008_003546
73191 | 2009_002382
73038 | 2008_008421
73010 | 2010_005992
72927 | 2010_002348
72870 | 2010_002546
72622 | 2010_001951
72211 | 2007_005074
71791 | 2011_000438
71718 | 2007_003188
71696 | 2008_003238
71660 | 2009_001333
71638 | 2009_001775
71610 | 2010_000682
71308 | 2010_005626
71200 | 2011_002379
70937 | 2011_002391
70819 | 2007_005845
70433 | 2009_002568
70340 | 2009_000219
70319 | 2011_000482
70310 | 2008_001308
70186 | 2011_000054
70144 | 2010_000639
69840 | 2008_003141
69572 | 2010_000941
69525 | 2008_006130
69028 | 2010_005401
69012 | 2011_001619
68994 | 2008_000234
68920 | 2010_005284
68615 | 2011_002713
68171 | 2010_003971
67896 | 2007_003143
67629 | 2010_001956
67399 | 2010_001351
67375 | 2008_004175
67339 | 2007_001284
67287 | 2007_004902
66948 | 2008_003210
66865 | 2009_003895
66749 | 2007_005689
66644 | 2009_001941
66533 | 2011_003055
66455 | 2007_006841
66444 | 2009_002571
66299 | 2010_003014
66179 | 2009_000771
65890 | 2010_000874
65732 | 2011_002110
65683 | 2009_004594
65359 | 2008_006275
65193 | 2007_003011
65057 | 2010_002106
64953 | 2007_007534
64796 | 2011_000312
64684 | 2011_000843
64522 | 2009_004895
64515 | 2010_002161
64157 | 2007_009084
64108 | 2007_007795
63737 | 2009_000523
63566 | 2011_001530
63550 | 2010_005871
63423 | 2011_002327
63347 | 2007_003169
63284 | 2009_004748
63249 | 2008_003821
63227 | 2011_001232
62800 | 2008_005338
62541 | 2009_002487
62539 | 2011_003240
62512 | 2007_003134
62247 | 2010_005305
62117 | 2010_004322
62100 | 2008_001966
60583 | 2008_000666
60547 | 2009_004867
60286 | 2011_000435
60272 | 2010_002939
60120 | 2010_000559
60116 | 2011_001745
59851 | 2010_003854
59786 | 2010_002902
59543 | 2008_006327
59249 | 2010_005187
59160 | 2011_001060
59159 | 2007_009794
59028 | 2008_000401
58931 | 2010_004320
58916 | 2007_001321
58772 | 2008_008362
58561 | 2008_006408
58442 | 2011_000953
58297 | 2007_005626
58231 | 2007_000187
58187 | 2007_004405
58184 | 2009_002372
57752 | 2007_001408
57746 | 2010_005159
57700 | 2009_003564
57566 | 2007_004712
57467 | 2010_005432
57266 | 2007_005469
57232 | 2007_002728
57187 | 2007_007996
57186 | 2008_000795
57130 | 2010_002792
56825 | 2011_002812
56780 | 2008_005242
56737 | 2011_001567
56119 | 2010_002480
56083 | 2009_001854
55998 | 2010_004056
55978 | 2007_002268
55843 | 2008_006874
55521 | 2010_000110
55378 | 2010_000372
55353 | 2011_002589
55303 | 2010_000552
55268 | 2008_002775
55108 | 2011_002592
54942 | 2009_004497
54929 | 2007_003499
54441 | 2007_008802
54096 | 2009_001299
54082 | 2011_000789
53891 | 2010_005166
53884 | 2007_006698
53873 | 2009_004140
53780 | 2009_003241
53570 | 2010_001646
53412 | 2008_002379
53377 | 2011_002358
52895 | 2009_003343
52800 | 2010_000087
52649 | 2007_002824
52466 | 2011_001863
52195 | 2007_008944
52081 | 2009_004248
51912 | 2007_005304
51295 | 2007_002903
51261 | 2007_009258
51093 | 2010_004149
50922 | 2007_004112
50554 | 2011_000248
50383 | 2011_002578
50352 | 2007_000629
50335 | 2008_007219
50285 | 2009_003304
50215 | 2011_000830
50041 | 2007_007493
49672 | 2011_002279
49592 | 2007_006086
49559 | 2008_006480
49370 | 2010_001962
49044 | 2010_001024
48624 | 2007_009764
48352 | 2010_002929
48271 | 2010_001830
48030 | 2008_008221
47889 | 2008_001992
47862 | 2009_003607
47728 | 2007_005911
47458 | 2010_000814
47432 | 2010_002868
47247 | 2010_001767
46938 | 2010_003746
46913 | 2007_006647
46698 | 2009_000457
46528 | 2007_009687
46350 | 2010_003675
46273 | 2011_002498
46234 | 2009_000487
46148 | 2011_001722
46120 | 2010_002390
46075 | 2011_003146
45946 | 2009_002221
45571 | 2007_004033
45112 | 2010_002228
44972 | 2009_000732
44458 | 2010_001534
44372 | 2010_004479
44344 | 2007_003201
44240 | 2011_000780
44238 | 2008_003108
44156 | 2010_003597
44010 | 2008_006722
43991 | 2010_004828
43961 | 2009_005038
43305 | 2011_002641
42563 | 2010_002361
42504 | 2010_003325
42501 | 2008_003733
42479 | 2011_003256
42285 | 2008_000359
42164 | 2010_003453
42108 | 2010_005709
41756 | 2007_003848
41449 | 2009_002887
40297 | 2007_009592
40012 | 2010_000683
39948 | 2010_004772
39497 | 2011_001447
39378 | 2010_005046
39218 | 2007_002400
39004 | 2008_002864
38922 | 2010_001367
38908 | 2010_004757
38696 | 2010_005606
38609 | 2010_005508
38518 | 2009_003071
38378 | 2009_003773
38322 | 2008_001283
37636 | 2007_008964
37506 | 2010_000256
36995 | 2008_004140
36785 | 2007_009096
36750 | 2007_006802
36363 | 2008_003477
36257 | 2010_005108
35853 | 2010_004856
35547 | 2007_006117
35429 | 2007_007109
34595 | 2010_004472
34407 | 2008_008335
34364 | 2009_004789
34077 | 2011_000479
33974 | 2009_002346
33920 | 2010_005719
33162 | 2011_002121
33002 | 2011_001071
32794 | 2010_001264
32764 | 2010_005021
31472 | 2010_000764
31330 | 2010_004219
31257 | 2011_001069
31221 | 2008_003270
31196 | 2007_006864
30925 | 2009_002649
30685 | 2010_000904
30427 | 2010_000216
30123 | 2011_002247
29862 | 2010_000724
29648 | 2008_001013
29041 | 2009_001082
29028 | 2010_000330
28516 | 2011_002200
28055 | 2011_003197
27809 | 2007_001526
27372 | 2007_005173
27219 | 2008_000573
27153 | 2009_003549
27095 | 2008_005399
26938 | 2007_000042
26791 | 2011_000178
26777 | 2007_002427
26500 | 2008_008434
26106 | 2008_004575
25856 | 2007_002426
25539 | 2009_001818
25346 | 2007_000129
24660 | 2010_002900
24501 | 2008_005097
23893 | 2007_007688
23279 | 2010_002512
22768 | 2008_001439
22669 | 2008_003577
22658 | 2010_003381
22261 | 2009_000354
22226 | 2008_003874
22205 | 2010_001403
21969 | 2010_005899
20923 | 2008_000673
20655 | 2008_002942
20590 | 2009_004099
20095 | 2009_005148
19466 | 2009_001255
19335 | 2008_007994
18730 | 2007_008547
18116 | 2007_002445
17800 | 2008_004701
14749 | 2010_002623
14172 | 2008_000270
14033 | 2007_000762
13744 | 2008_003330
13562 | 2009_002415
13478 | 2008_008393
12633 | 2009_003059
12288 | 2010_000160
12237 | 2007_006560
12068 | 2011_001714
11250 | 2007_000491
10458 | 2011_000526
10454 | 2010_004763
09711 | 2010_001376
09704 | 2011_000070
09500 | 2011_001665
07740 | 2007_003742
07709 | 2008_002958
07320 | 2010_001451
06742 | 2009_004072
06249 | 2007_007651
05949 | 2008_003777
05468 | 2009_004579
04396 | 2009_002185
03781 | 2009_003551
03486 | 2009_003523
02948 | 2007_007007
02738 | 2008_008469
02185 | 2010_000159
01995 | 2009_000731
01455 | 2007_000323
00656 | 2008_006523
-0084 | 2011_003030
-0346 | 2010_004348
-1286 | 2011_000185
-2821 | 2007_003101
-3031 | 2010_002137
-3369 | 2007_004468
-3870 | 2011_002178
-5689 | 2011_000900
-6185 | 2007_009655
-6683 | 2011_003271
-9347 | 2011_001276
-10497 | 2008_002240
-10839 | 2011_002685
-11989 | 2011_000066
-12730 | 2008_000731
-13952 | 2007_009413
-15689 | 2010_001000
-16100 | 2010_004369
-16844 | 2009_004859
-18245 | 2010_000426
-21947 | 2011_001775
-24581 | 2010_003123
-24867 | 2010_005991
-29553 | 2009_002238
-31519 | 2007_000663
-32185 | 2010_001579
-40234 | 2007_003841
-41048 | 2007_007810
-49083 | 2009_000839
-49724 | 2007_001763
-50088 | 2008_005145
-51337 | 2009_003003
-60609 | 2010_001553
-62125 | 2011_002343
-65704 | 2007_007417
-67210 | 2008_005915
-71840 | 2008_000763
-82355 | 2009_002732
-86049 | 2009_001215
-87022 | 2008_001895
-116724 | 2010_001327
-118253 | 2007_007498
-121486 | 2011_000661
-125780 | 2008_008051
-133661 | 2007_002539
-140818 | 2011_003182
-148421 | 2007_008260
-179575 | 2010_004951
aeroplane
64173 | 2011_001434
49773 | 2007_002619
47036 | 2008_003369
45972 | 2007_001761
42434 | 2009_002808
38026 | 2007_006946
35895 | 2011_002327
35173 | 2010_002147
33801 | 2008_004704
32093 | 2010_001174
30671 | 2010_001024
27979 | 2007_002266
27467 | 2008_003926
26747 | 2010_004419
26340 | 2008_001546
25948 | 2008_003155
25377 | 2010_003365
23951 | 2009_001851
23248 | 2010_002939
22519 | 2008_002358
21733 | 2010_001448
21654 | 2010_003716
21562 | 2007_000033
21039 | 2008_003976
20462 | 2008_007350
20382 | 2010_003495
19837 | 2007_002376
19636 | 2009_000387
18717 | 2008_003876
18677 | 2010_006034
18291 | 2011_002929
16618 | 2009_003806
16056 | 2007_007341
15627 | 2009_000440
15264 | 2009_001332
15232 | 2009_003005
14772 | 2007_007470
14493 | 2010_000622
14398 | 2007_005828
14121 | 2010_005534
14109 | 2009_003696
14088 | 2007_001568
14072 | 2010_000238
13150 | 2007_004052
13123 | 2009_004969
12942 | 2007_009911
12784 | 2011_000874
12643 | 2010_002310
12407 | 2011_001407
12359 | 2007_001288
12210 | 2009_002888
11332 | 2010_004314
10991 | 2009_001850
10900 | 2010_005877
09409 | 2010_002200
08843 | 2009_005189
08658 | 2011_001114
06535 | 2008_006216
06393 | 2011_002675
06282 | 2007_005509
05865 | 2011_001880
05467 | 2009_002320
05415 | 2010_003127
05296 | 2010_003915
04848 | 2010_000572
04610 | 2010_005888
04601 | 2010_003132
04399 | 2009_000205
04090 | 2009_004653
03973 | 2010_004063
02297 | 2008_005338
02151 | 2010_001017
01470 | 2008_001971
01173 | 2011_000807
00949 | 2008_007836
-0047 | 2008_003856
-0146 | 2011_001489
-0172 | 2011_002993
-0190 | 2007_005358
-0603 | 2007_001377
-0707 | 2008_007507
-0865 | 2008_006703
-1074 | 2007_001884
-1833 | 2011_000481
-3134 | 2010_005718
-6153 | 2007_005600
-6415 | 2011_002515
-7604 | 2011_001624
-10915 | 2011_001263
-15607 | 2009_000032
bicycle
16008 | 2009_000573
10991 | 2009_003224
08866 | 2007_007836
08168 | 2010_002030
06785 | 2011_000412
06652 | 2008_004363
05527 | 2008_002269
05144 | 2010_003912
04891 | 2008_001404
04797 | 2011_003003
04083 | 2010_000342
03937 | 2010_005664
03030 | 2007_007235
02924 | 2009_005156
02735 | 2011_002064
02333 | 2009_002928
02182 | 2008_004654
01952 | 2007_001311
01719 | 2008_000725
01649 | 2009_001718
01293 | 2011_001988
01194 | 2010_001246
01028 | 2011_002002
00990 | 2007_009258
00905 | 2008_003108
00851 | 2010_001367
00417 | 2007_005281
00286 | 2010_003446
00232 | 2009_001663
00199 | 2010_000083
00091 | 2007_006449
-0010 | 2011_002244
-0047 | 2010_001206
-0084 | 2008_000469
-0113 | 2010_003293
-0217 | 2008_001231
-0264 | 2010_003123
-0452 | 2011_001529
-0734 | 2010_005860
-0804 | 2007_001587
-0807 | 2009_003193
-0845 | 2007_003621
-0914 | 2008_004995
-0962 | 2009_000351
-1247 | 2007_005107
-1318 | 2008_005738
-1354 | 2008_004101
-1384 | 2007_006028
-1644 | 2008_008629
-1910 | 2009_005087
-2385 | 2010_002792
-2548 | 2011_002223
-2702 | 2010_002693
-2995 | 2009_003065
-3061 | 2007_001630
-3069 | 2008_006254
-3814 | 2009_004848
-4037 | 2011_002150
-4079 | 2008_001531
-6445 | 2008_008711
-6803 | 2009_000149
-7235 | 2010_002536
-7376 | 2007_003188
-7845 | 2008_005727
-8101 | 2009_002295
-8420 | 2010_000065
-9669 | 2011_000585
-10176 | 2007_000129
-12015 | 2010_006070
-12027 | 2007_000572
-13168 | 2009_001255
-14387 | 2008_004758
-16396 | 2011_002713
-18122 | 2009_000457
-20396 | 2009_003971
-29757 | 2008_003270
-34107 | 2009_003343
-36911 | 2009_004882
-67833 | 2009_000354
bird
93812 | 2007_002400
69733 | 2009_003273
68964 | 2010_001995
49014 | 2010_003362
45792 | 2007_009088
38999 | 2010_004559
37357 | 2011_001287
37086 | 2007_004143
36744 | 2008_003110
36096 | 2010_004994
33354 | 2008_002429
32572 | 2011_000482
31897 | 2009_000991
30381 | 2008_002043
29916 | 2007_008051
28943 | 2009_001565
28490 | 2007_009817
26390 | 2007_003349
24348 | 2008_008746
23284 | 2010_003473
21855 | 2010_001069
21311 | 2009_000664
21272 | 2010_005428
21163 | 2009_003450
20555 | 2010_000241
19755 | 2008_007120
18796 | 2009_001160
18717 | 2009_003640
18293 | 2009_000998
17702 | 2007_002094
17020 | 2010_001061
16725 | 2010_003771
16459 | 2009_001683
15330 | 2009_005137
14767 | 2009_005262
13955 | 2007_007084
11702 | 2009_004540
11383 | 2009_001314
11109 | 2010_003418
10851 | 2009_004084
10220 | 2007_009323
09374 | 2010_000961
09231 | 2009_000318
08800 | 2008_007498
08259 | 2009_003378
08253 | 2009_004568
08176 | 2009_005260
08154 | 2008_007994
08020 | 2009_003498
07617 | 2008_001514
06816 | 2009_001765
06136 | 2007_001289
06134 | 2011_002295
06068 | 2010_001016
05605 | 2009_004021
05569 | 2009_000879
05533 | 2009_000037
05274 | 2008_008268
05093 | 2010_003168
04998 | 2011_000112
04976 | 2007_008670
04208 | 2011_003145
04023 | 2009_004886
03616 | 2011_000456
03481 | 2008_001966
03251 | 2011_000669
02429 | 2009_001108
02247 | 2010_000836
02147 | 2009_002604
01851 | 2010_003820
00423 | 2011_002578
00276 | 2010_001820
-0058 | 2010_004348
-0179 | 2007_005074
-0290 | 2011_000912
-0301 | 2008_001283
-0464 | 2009_003858
-0582 | 2010_002450
-1145 | 2010_000814
-1731 | 2011_000548
-2309 | 2011_002548
-2801 | 2007_006076
-3388 | 2010_005353
-3420 | 2010_005531
-3626 | 2007_002412
-3831 | 2008_000123
-4726 | 2010_000502
-5882 | 2008_006143
-7064 | 2010_000918
-7201 | 2010_000335
-9415 | 2007_008084
-9781 | 2010_004556
-9965 | 2008_000848
-10184 | 2009_001607
-10816 | 2009_004895
-11767 | 2009_004509
-12539 | 2011_003030
-13669 | 2011_000185
-14629 | 2007_003682
-20454 | 2010_002142
-22462 | 2009_000619
-23109 | 2008_000533
-23451 | 2011_001421
boat
63207 | 2010_004772
53873 | 2008_003858
47106 | 2009_001941
41310 | 2011_000234
37471 | 2007_004241
37348 | 2008_000120
35266 | 2008_002504
24560 | 2010_000272
23902 | 2009_000446
23704 | 2008_001260
23269 | 2011_000435
23219 | 2010_004041
23098 | 2011_002975
20989 | 2009_000723
17909 | 2008_001040
16341 | 2008_003886
16184 | 2009_003504
14949 | 2009_000828
10375 | 2009_003080
08746 | 2007_003861
06772 | 2011_002754
06657 | 2010_000906
05831 | 2009_003043
05709 | 2010_003547
04978 | 2010_005252
04210 | 2008_005398
03751 | 2009_000469
03326 | 2008_006229
03106 | 2010_001036
03083 | 2010_004208
02841 | 2008_001135
02286 | 2011_001793
02141 | 2007_003131
01858 | 2010_002150
01223 | 2009_000919
00610 | 2008_001580
00538 | 2008_003034
00134 | 2007_000862
-0111 | 2007_003571
-0124 | 2007_008645
-0151 | 2009_000421
-0449 | 2008_002492
-0519 | 2009_004125
-0802 | 2010_000679
-0814 | 2007_006549
-0821 | 2011_001613
-1270 | 2007_005358
-1486 | 2010_002546
-1525 | 2011_002578
-2153 | 2007_005705
-2368 | 2007_007477
-2644 | 2010_005705
-2869 | 2009_002591
-3124 | 2007_005074
-3190 | 2007_000837
-3740 | 2007_006046
-4182 | 2010_000084
-4435 | 2011_001161
-4451 | 2009_003707
-6910 | 2010_000559
-7286 | 2008_005628
-8164 | 2007_000529
-8216 | 2008_007143
-8905 | 2010_005401
-10846 | 2011_000238
-13919 | 2010_004662
-16146 | 2009_004635
-21096 | 2011_001589
-21167 | 2007_000061
-24192 | 2007_002719
-24882 | 2009_002727
-59665 | 2008_001013
bottle
78349 | 2009_000121
68763 | 2008_004659
57995 | 2007_005294
56094 | 2010_004520
54684 | 2010_004551
46339 | 2009_004579
43459 | 2007_004468
42271 | 2008_002467
40645 | 2008_007811
39193 | 2010_004529
38901 | 2009_002649
34672 | 2008_005904
32397 | 2009_003517
29673 | 2009_003003
24090 | 2010_005496
23907 | 2010_003468
22921 | 2009_001818
22860 | 2009_002521
17519 | 2009_000201
16364 | 2010_005762
15851 | 2009_002749
14638 | 2007_005428
14593 | 2009_002856
12124 | 2007_000346
11664 | 2007_000762
10674 | 2009_000840
10519 | 2010_004828
09193 | 2007_005304
08998 | 2011_000066
07100 | 2009_004324
06985 | 2011_002863
05733 | 2009_005190
05497 | 2009_005302
05159 | 2008_005262
05062 | 2008_007219
04948 | 2010_001830
04523 | 2009_003269
03296 | 2008_002775
03202 | 2008_005399
03011 | 2009_005038
02780 | 2007_000559
02692 | 2007_006086
02602 | 2007_001408
02226 | 2009_002594
01720 | 2007_000999
01156 | 2008_005812
01084 | 2010_002017
01046 | 2009_001278
01030 | 2007_008204
00924 | 2011_000438
00888 | 2007_009687
00856 | 2008_003076
00674 | 2011_000747
00373 | 2011_002358
00096 | 2010_003781
00038 | 2007_006241
00018 | 2007_004193
-0042 | 2010_000083
-0148 | 2008_001629
-0160 | 2010_000738
-0291 | 2008_000795
-0291 | 2009_002573
-0304 | 2007_001585
-0338 | 2011_002575
-0364 | 2007_004712
-0389 | 2010_001851
-0419 | 2010_003597
-0428 | 2010_005582
-0537 | 2007_007007
-0554 | 2011_002641
-0587 | 2008_008362
-0594 | 2011_003240
-0616 | 2008_002864
-0635 | 2010_000573
-0704 | 2011_000953
-0772 | 2010_003912
-0805 | 2009_000573
-0852 | 2010_000256
-0860 | 2011_002498
-1258 | 2007_007493
-1389 | 2010_001367
-1578 | 2009_002372
-2242 | 2007_003088
-2437 | 2008_005089
-2650 | 2011_000843
-2870 | 2007_009654
-4096 | 2011_002098
-4340 | 2009_002732
-4360 | 2008_007737
-5073 | 2008_000911
-5319 | 2009_004247
-9922 | 2009_002185
-10622 | 2010_004056
-11541 | 2007_009458
-23627 | 2010_000426
-46269 | 2011_003271
bus
110086 | 2009_001082
102419 | 2010_002868
74877 | 2008_007797
69552 | 2008_002205
67929 | 2009_001854
66978 | 2011_000888
65382 | 2008_003141
65144 | 2011_000830
64158 | 2007_009764
63257 | 2009_003703
62192 | 2010_000573
62131 | 2010_001403
61637 | 2010_001646
58893 | 2008_000075
57505 | 2007_003711
57358 | 2009_004867
56608 | 2009_000335
55068 | 2011_001341
54377 | 2007_003101
54090 | 2009_003304
53726 | 2008_008301
53161 | 2010_005284
52566 | 2010_002546
52556 | 2009_000426
51788 | 2007_005911
51772 | 2009_004732
49893 | 2010_003293
43970 | 2009_002535
43881 | 2010_005118
43534 | 2009_001804
43486 | 2009_001816
38892 | 2009_004590
38585 | 2011_003114
37860 | 2010_001206
33029 | 2008_006554
32398 | 2011_001064
32378 | 2007_003137
27517 | 2008_008682
26947 | 2007_008747
25984 | 2008_008252
25209 | 2010_000682
24432 | 2007_003503
20248 | 2010_003772
16023 | 2007_005978
14054 | 2011_000312
13984 | 2009_004789
13739 | 2011_000248
12370 | 2011_000239
11986 | 2007_009015
11304 | 2010_005063
10829 | 2011_000178
10751 | 2009_000455
10005 | 2007_003195
09040 | 2009_005231
07810 | 2007_009392
05669 | 2007_003786
03436 | 2007_000727
-0046 | 2008_007804
-0295 | 2010_002200
-0647 | 2011_001748
-1216 | 2011_001110
-2225 | 2007_007818
-3776 | 2007_001884
-4121 | 2007_003621
-4704 | 2008_003777
-4795 | 2011_000969
-6569 | 2008_005676
-13040 | 2010_005160
-15413 | 2009_002238
-16767 | 2008_008469
-21249 | 2009_004072
-41140 | 2007_000663
-72078 | 2010_004348
-151026 | 2007_002539
car
115406 | 2008_003577
91106 | 2010_000160
88138 | 2010_003854
80935 | 2010_003381
80854 | 2010_002361
77987 | 2010_003453
77744 | 2007_001321
73865 | 2008_004069
69650 | 2009_003387
65640 | 2011_003055
61509 | 2010_005432
61262 | 2011_002592
57924 | 2011_000900
57499 | 2007_003917
57352 | 2010_002902
56104 | 2010_003276
55335 | 2009_000523
53964 | 2010_002929
52935 | 2009_003589
50344 | 2010_000952
48152 | 2009_004594
47191 | 2010_003813
46836 | 2009_002990
46320 | 2008_003846
45821 | 2008_002212
45255 | 2007_003143
42336 | 2010_005501
41775 | 2010_004946
40442 | 2007_007815
40217 | 2009_003406
35935 | 2009_004748
35626 | 2007_006277
35033 | 2008_006986
34572 | 2010_000372
32910 | 2009_003549
28430 | 2009_002618
28113 | 2008_007804
26293 | 2010_005860
25878 | 2008_006254
25633 | 2009_002164
24542 | 2011_002322
21877 | 2010_002988
21775 | 2007_003051
19249 | 2011_000503
17682 | 2007_009096
14645 | 2008_004552
13912 | 2011_001110
13353 | 2007_005547
12941 | 2010_003231
12168 | 2009_003003
11380 | 2008_003141
11070 | 2008_000501
09019 | 2010_006070
06981 | 2009_000825
06494 | 2010_004472
06159 | 2008_003333
04572 | 2007_005331
04493 | 2007_002643
04397 | 2011_003019
04245 | 2010_000530
04214 | 2010_003446
04151 | 2009_004455
04071 | 2010_001403
03899 | 2007_007414
03490 | 2010_003746
03482 | 2009_000335
02330 | 2007_009938
02124 | 2010_003768
01912 | 2011_002064
01736 | 2007_003503
01701 | 2008_005245
01583 | 2010_003293
01505 | 2010_002017
01414 | 2007_003195
01207 | 2010_003123
00891 | 2007_003711
00606 | 2010_005284
00201 | 2011_001313
00061 | 2011_001669
-0038 | 2010_000682
-0043 | 2011_001988
-0075 | 2010_001734
-0111 | 2010_001246
-0140 | 2010_005718
-0142 | 2011_000248
-0210 | 2008_006526
-0230 | 2007_008708
-0392 | 2007_000529
-0445 | 2007_003101
-0508 | 2007_005509
-0525 | 2010_002200
-0628 | 2007_003587
-0698 | 2007_009015
-0729 | 2008_008127
-1030 | 2010_002546
-1167 | 2009_000121
-1289 | 2010_004337
-1487 | 2007_009392
-1916 | 2010_005013
-2373 | 2009_003269
-2623 | 2010_001966
-3219 | 2011_002002
-3428 | 2008_004339
-4170 | 2009_001240
-5343 | 2011_001190
-5832 | 2011_002812
-6132 | 2007_006035
-6232 | 2007_008747
-6542 | 2007_005074
-7218 | 2011_003114
-8635 | 2008_006275
-8671 | 2010_001767
-8896 | 2009_000457
-9478 | 2009_002238
-10773 | 2007_000727
-13700 | 2009_004494
-14248 | 2011_000658
-16425 | 2009_001255
-20853 | 2010_000628
-22901 | 2011_000239
-28394 | 2007_005296
-31691 | 2007_000663
-34519 | 2009_001536
-37031 | 2009_002239
-41126 | 2010_001553
-41280 | 2007_007818
-60215 | 2008_002958
cat
103908 | 2010_000683
102218 | 2010_002348
100745 | 2011_002685
99593 | 2010_000552
82533 | 2007_004856
80575 | 2010_005344
78120 | 2008_006325
73465 | 2007_009794
73385 | 2010_001292
73362 | 2010_002025
73331 | 2009_004721
71774 | 2011_001292
68811 | 2007_002470
68719 | 2008_003499
68494 | 2011_001775
66882 | 2010_005899
64058 | 2010_003402
61619 | 2010_000163
61494 | 2010_005021
60569 | 2010_002900
60171 | 2011_001534
59589 | 2011_001607
58006 | 2010_004369
56629 | 2010_004104
50951 | 2010_002422
49582 | 2010_001656
48614 | 2009_000716
48126 | 2011_001597
46024 | 2011_000789
45746 | 2007_004866
45742 | 2007_003991
44641 | 2010_005508
43534 | 2007_001774
43099 | 2011_000780
41321 | 2007_003169
40646 | 2010_004861
40568 | 2009_003904
40379 | 2008_001433
36399 | 2010_001331
35880 | 2009_003771
35680 | 2011_001601
34899 | 2008_002152
34514 | 2009_002268
34392 | 2008_000464
34352 | 2010_002531
34177 | 2009_002527
34089 | 2007_005460
33858 | 2010_002305
33592 | 2009_005158
33285 | 2010_004120
33092 | 2007_008815
30783 | 2008_006480
30692 | 2011_000661
30630 | 2008_000345
30487 | 2010_003764
29289 | 2008_002681
29165 | 2007_009346
28704 | 2007_009221
28329 | 2009_001391
27843 | 2010_001351
27782 | 2010_002512
27571 | 2009_002753
27150 | 2007_006260
27127 | 2010_004815
26877 | 2008_006341
25748 | 2010_003758
25674 | 2010_002146
25422 | 2009_001411
24678 | 2009_000013
24296 | 2010_003468
22438 | 2009_004504
22026 | 2007_007524
21524 | 2010_005606
19403 | 2009_005219
18242 | 2008_007548
17690 | 2008_001640
17349 | 2008_001078
16896 | 2011_000813
16783 | 2009_001008
16740 | 2009_000080
16375 | 2009_004248
16062 | 2009_002936
14321 | 2007_009923
12788 | 2008_001885
12355 | 2010_004479
10826 | 2010_005421
10629 | 2010_003971
10423 | 2010_001913
06307 | 2010_002693
06071 | 2010_002137
05573 | 2007_007417
05380 | 2010_005108
05289 | 2010_004320
04908 | 2010_001070
03971 | 2008_000182
03262 | 2009_004099
03024 | 2007_002445
02102 | 2008_000853
00754 | 2010_001534
00740 | 2007_002597
00687 | 2010_003675
-1318 | 2010_001149
-1344 | 2008_000401
-3242 | 2007_002268
-3585 | 2007_008110
-4885 | 2010_002763
-5554 | 2007_003106
-5714 | 2008_001513
-5924 | 2007_001763
-6815 | 2010_000724
-7919 | 2008_002623
-9044 | 2009_000488
-10659 | 2007_005845
-10880 | 2010_005709
-11217 | 2009_000964
-14640 | 2010_000941
-18987 | 2011_000419
-28481 | 2010_003781
-35497 | 2010_003275
chair
41431 | 2008_001439
27579 | 2007_006553
21054 | 2010_003302
20201 | 2008_007194
19841 | 2010_003531
19557 | 2007_005844
19188 | 2008_007527
17675 | 2011_000226
11387 | 2007_004405
11184 | 2007_006241
10962 | 2010_004825
10462 | 2010_002336
09247 | 2009_002415
08542 | 2009_003507
06615 | 2008_003477
06326 | 2011_001812
05526 | 2010_004763
04755 | 2011_002041
04138 | 2010_002921
02796 | 2007_001677
02382 | 2008_007048
02190 | 2010_003971
01984 | 2008_001715
01851 | 2010_001579
01774 | 2008_000149
01727 | 2007_000830
01358 | 2008_007402
01357 | 2009_003991
01212 | 2009_003123
00886 | 2009_004217
00811 | 2010_002538
00475 | 2008_006008
00463 | 2008_007828
00385 | 2007_004193
00237 | 2011_000338
00005 | 2011_002509
-0254 | 2007_001717
-0359 | 2007_009252
-0373 | 2011_002575
-0452 | 2008_000863
-0486 | 2010_003409
-0587 | 2007_001678
-0834 | 2007_009521
-0837 | 2008_002379
-0986 | 2009_003849
-0986 | 2008_008362
-1005 | 2009_003494
-1068 | 2010_005626
-1204 | 2011_002641
-1468 | 2007_009084
-1588 | 2009_003071
-1809 | 2007_008897
-2161 | 2007_007203
-2212 | 2010_001699
-2239 | 2007_004510
-2257 | 2011_001276
-2292 | 2007_009068
-2376 | 2010_005021
-2408 | 2008_005445
-2430 | 2007_004712
-2460 | 2011_002298
-2808 | 2007_007493
-2929 | 2011_000809
-2970 | 2009_000096
-3002 | 2010_002512
-3180 | 2011_001665
-4340 | 2010_002017
-4499 | 2009_003895
-5045 | 2009_002571
-5117 | 2009_000391
-5431 | 2011_000843
-6363 | 2007_007795
-6909 | 2010_001851
-7122 | 2011_002124
-7143 | 2007_006086
-7301 | 2007_000452
-7633 | 2007_008106
-7731 | 2011_001346
-7920 | 2007_000661
-7956 | 2010_003325
-8205 | 2007_004392
-8212 | 2009_004687
-8215 | 2007_003011
-8245 | 2011_002200
-9380 | 2011_000607
-10415 | 2011_003011
-10705 | 2010_004783
-11207 | 2011_002358
-11443 | 2011_003103
-11776 | 2008_007737
-12123 | 2007_001457
-12539 | 2007_000804
-12668 | 2008_000673
-13364 | 2011_000813
-13615 | 2009_002346
-14640 | 2011_001862
-14670 | 2007_008110
-15165 | 2007_008543
-15603 | 2007_007996
-15945 | 2010_004543
-17444 | 2008_007378
-17766 | 2010_000003
-19088 | 2011_001567
-19183 | 2009_002487
-19786 | 2011_002644
-21842 | 2010_002693
-22368 | 2008_002521
-25191 | 2008_003821
-25282 | 2009_004140
-25587 | 2011_001447
-28814 | 2009_004859
-28937 | 2007_009413
-29117 | 2010_000639
-29913 | 2009_001775
-30729 | 2011_002391
-31322 | 2009_001299
-31490 | 2007_006348
-37749 | 2011_001071
-40596 | 2010_002623
-45423 | 2008_000107
-51592 | 2008_004612
-80835 | 2011_002343
-134317 | 2011_000661
cow
131529 | 2008_005097
88164 | 2007_002903
77298 | 2009_000771
75205 | 2008_006063
56314 | 2011_001232
52107 | 2009_002221
50286 | 2007_003201
43314 | 2010_000427
41015 | 2009_000219
39933 | 2011_002885
39802 | 2008_007025
39802 | 2011_000566
37097 | 2008_005105
36152 | 2007_001299
36095 | 2008_000919
33408 | 2010_000907
32858 | 2007_009245
32152 | 2010_004789
32062 | 2009_002150
30490 | 2009_003059
29087 | 2007_009897
29065 | 2009_000731
27655 | 2010_001692
23845 | 2010_001010
22715 | 2009_002122
21905 | 2010_004635
21742 | 2010_003239
21542 | 2007_008973
20301 | 2008_007273
19885 | 2008_002778
17523 | 2011_001047
16237 | 2008_007031
13800 | 2010_002390
12033 | 2011_003019
11202 | 2011_001708
09746 | 2008_006528
09243 | 2009_002171
08913 | 2007_006761
08610 | 2008_007123
08276 | 2009_003542
07805 | 2007_006841
07044 | 2007_000464
06937 | 2010_003183
04383 | 2010_001000
03514 | 2007_008722
03480 | 2009_002035
02803 | 2011_001782
02574 | 2007_002387
02374 | 2011_000548
02208 | 2011_001546
01180 | 2009_002549
01035 | 2010_005922
00797 | 2010_002701
00600 | 2008_000009
00504 | 2011_001530
-2424 | 2009_003773
-5343 | 2009_003569
-5903 | 2009_002635
-8049 | 2007_005114
-8547 | 2010_005166
-11834 | 2008_000073
-11954 | 2008_007596
-12046 | 2007_005547
-13001 | 2008_004701
-15026 | 2010_002763
-23279 | 2009_000641
-29279 | 2007_000491
-29379 | 2009_000309
-45085 | 2011_001159
-103514 | 2010_004322
-126434 | 2007_003841
diningtable
53941 | 2007_006241
39243 | 2008_006408
33238 | 2008_005145
25109 | 2007_007810
23929 | 2007_002624
22553 | 2011_002200
19250 | 2007_006086
18366 | 2007_009706
17432 | 2008_003477
17282 | 2011_002358
17013 | 2008_004140
13370 | 2011_002075
11916 | 2007_009413
11886 | 2007_001677
10443 | 2009_004140
09606 | 2009_003071
09239 | 2008_008362
09013 | 2007_003742
08478 | 2008_006008
07535 | 2008_007402
07461 | 2011_000953
05589 | 2011_000226
04295 | 2007_004405
03567 | 2007_001430
03286 | 2009_003849
03195 | 2007_000830
02060 | 2009_003507
01383 | 2008_000573
-0165 | 2008_007048
-0447 | 2011_001862
-0912 | 2011_001069
-1483 | 2010_001851
-1519 | 2011_000338
-2163 | 2009_002487
-2743 | 2011_000809
-3279 | 2007_005803
-3717 | 2007_009521
-4186 | 2009_002571
-4847 | 2010_003531
-6158 | 2010_005626
-6456 | 2009_004859
-6967 | 2009_001215
-7335 | 2009_003123
-7343 | 2010_004825
-7396 | 2007_005844
-7988 | 2007_000762
-10789 | 2007_003011
-10806 | 2010_003597
-11239 | 2007_004712
-11957 | 2010_005046
-12108 | 2010_002336
-13289 | 2008_007378
-15183 | 2011_001276
-15498 | 2009_003991
-18718 | 2011_000598
-20463 | 2010_003325
-20919 | 2008_006108
-22078 | 2010_000174
-22784 | 2008_002775
-23074 | 2008_002864
-24929 | 2007_000847
-25024 | 2008_004575
-27752 | 2009_005038
-28396 | 2008_008335
-35972 | 2010_003971
-37535 | 2007_007007
-37830 | 2008_002379
-44379 | 2011_001665
-45730 | 2009_003003
-47732 | 2007_007651
-49305 | 2009_002415
-49446 | 2010_001579
-76564 | 2007_007498
-111942 | 2008_000763
-127961 | 2008_008051
dog
129526 | 2011_002589
122235 | 2010_000159
117093 | 2010_005159
105101 | 2010_002480
87863 | 2011_002121
80595 | 2010_003746
76730 | 2011_002040
71643 | 2007_009562
70660 | 2010_003187
70450 | 2010_005206
70202 | 2010_000422
63061 | 2007_005696
61497 | 2010_002228
61476 | 2007_008964
61217 | 2010_001124
59444 | 2010_000904
57474 | 2009_003810
57179 | 2007_002852
57072 | 2008_003238
54216 | 2010_001956
53880 | 2008_000943
53150 | 2010_003506
53128 | 2011_001642
53028 | 2007_008980
52731 | 2009_001535
49766 | 2010_005644
45577 | 2011_001984
43078 | 2009_003466
41328 | 2007_005149
41189 | 2011_002279
41163 | 2008_006130
39972 | 2009_003756
39968 | 2010_004550
39693 | 2008_002859
37902 | 2010_003060
37393 | 2011_002156
36858 | 2007_001763
36478 | 2007_001239
36339 | 2009_004507
35879 | 2010_001376
35713 | 2011_001745
35489 | 2009_002155
34292 | 2007_008260
33426 | 2010_005992
33381 | 2011_002110
33097 | 2007_008222
32931 | 2009_002012
32653 | 2007_006171
31874 | 2009_001687
31441 | 2011_002098
29849 | 2008_002904
29261 | 2009_000839
28753 | 2008_001379
28533 | 2007_003194
26045 | 2011_002298
25269 | 2008_002239
24599 | 2008_002936
24301 | 2008_003576
23222 | 2008_007513
22315 | 2011_002371
20745 | 2011_000045
20651 | 2008_000661
20576 | 2009_002539
20205 | 2007_007417
19887 | 2011_000536
19591 | 2008_000239
18385 | 2009_003928
17312 | 2010_001908
17153 | 2008_007378
15655 | 2007_008415
15514 | 2008_006981
15273 | 2010_000788
15058 | 2009_002445
14938 | 2010_005575
14764 | 2011_001868
14740 | 2008_000863
14535 | 2008_000080
14461 | 2009_000892
13427 | 2009_003063
13197 | 2007_002597
13046 | 2009_000935
12654 | 2008_001070
12270 | 2009_004592
12197 | 2010_000110
11377 | 2008_000270
11042 | 2011_003256
10145 | 2007_003373
09862 | 2009_003217
09764 | 2007_009084
09325 | 2007_004189
09272 | 2009_004994
09246 | 2010_005991
08733 | 2008_001895
08541 | 2011_001014
08204 | 2007_002268
08185 | 2008_006722
08012 | 2008_005197
07209 | 2008_002536
07096 | 2007_009331
07023 | 2010_004628
07011 | 2010_000639
06417 | 2010_004795
05859 | 2007_004644
05585 | 2010_000216
05242 | 2007_003110
05092 | 2007_006444
05024 | 2008_003511
04770 | 2007_009592
04606 | 2009_003241
02255 | 2009_002346
02008 | 2009_000156
01331 | 2007_003872
00919 | 2009_000989
00769 | 2011_001862
00766 | 2009_004033
00452 | 2010_001563
00171 | 2010_005245
-0690 | 2011_001714
-0996 | 2007_001594
-1258 | 2008_002958
-4841 | 2010_001264
-6452 | 2010_004165
-6545 | 2011_001276
-7094 | 2010_001768
-11015 | 2010_000003
-17928 | 2008_001478
-18263 | 2007_004112
-36809 | 2009_004581
horse
87787 | 2009_004497
68766 | 2007_002046
68031 | 2008_008393
65914 | 2010_000874
57513 | 2010_003532
56578 | 2010_005174
55711 | 2010_004519
51197 | 2007_007109
51061 | 2008_008421
49469 | 2008_000602
49409 | 2008_007945
49094 | 2008_004396
48853 | 2009_000412
40281 | 2010_002691
40212 | 2010_002161
39547 | 2007_000799
37947 | 2009_004942
32167 | 2007_004902
31963 | 2010_000038
29929 | 2009_003481
29271 | 2009_003804
28469 | 2008_005525
24982 | 2008_005691
24424 | 2008_003461
24232 | 2007_000783
22450 | 2008_004705
21392 | 2009_005217
21247 | 2008_008392
21039 | 2008_001992
20543 | 2008_005642
20289 | 2010_000666
18298 | 2008_002835
18047 | 2007_008256
17744 | 2009_003323
17466 | 2009_002975
17229 | 2008_004687
16841 | 2007_000332
16457 | 2008_003782
15018 | 2009_003903
14791 | 2008_003379
13579 | 2009_001433
12495 | 2008_004624
11695 | 2007_007748
11527 | 2008_006219
10867 | 2009_000012
10712 | 2008_007392
10358 | 2007_005331
10032 | 2007_006364
09991 | 2007_003022
09600 | 2011_001722
09032 | 2007_006866
08487 | 2007_008596
08462 | 2007_009251
08328 | 2007_001586
07956 | 2008_001682
05625 | 2011_000526
05263 | 2007_009841
05147 | 2007_008802
04030 | 2009_000931
03718 | 2009_000727
03034 | 2009_002165
02770 | 2009_000705
02248 | 2008_004175
02172 | 2011_003085
00670 | 2007_004538
00588 | 2008_006036
00514 | 2007_009331
00224 | 2007_004722
-0062 | 2008_000765
-0144 | 2007_003611
-1672 | 2009_002097
-1941 | 2007_001955
-2816 | 2011_000396
-3978 | 2011_002730
-5380 | 2008_008296
-9901 | 2011_002951
-11412 | 2007_005114
-22513 | 2010_004856
-27378 | 2010_001451
motorbike
75147 | 2010_004219
68384 | 2010_002271
54398 | 2008_004345
45740 | 2008_005422
44482 | 2010_004355
43395 | 2010_000087
43147 | 2008_000782
41341 | 2010_001251
38547 | 2011_000512
34574 | 2007_005354
33810 | 2010_004941
33309 | 2007_002260
30899 | 2007_004275
27971 | 2008_000811
27529 | 2009_000074
27320 | 2009_004455
23830 | 2010_005160
22794 | 2007_007211
22703 | 2007_007688
22633 | 2009_002382
21499 | 2010_005433
21184 | 2007_004033
19892 | 2010_005366
19301 | 2010_005501
19230 | 2010_002251
18400 | 2008_005637
18137 | 2007_004380
18135 | 2007_009084
17543 | 2008_002383
16974 | 2007_009691
16783 | 2009_004043
16144 | 2011_000618
15945 | 2007_005173
15070 | 2007_009756
14883 | 2010_003207
14770 | 2010_004042
13489 | 2009_005078
13276 | 2007_005608
13207 | 2011_000455
12349 | 2009_004738
11654 | 2011_003019
11580 | 2009_003196
11172 | 2009_002651
08871 | 2009_000825
08537 | 2009_004987
08400 | 2008_002240
07447 | 2009_000730
07151 | 2007_009938
06928 | 2008_006874
05255 | 2008_003451
04600 | 2009_002317
04376 | 2009_003576
04151 | 2008_008127
03921 | 2010_002396
03756 | 2011_002322
03106 | 2008_005245
02443 | 2007_003367
02370 | 2008_006526
02320 | 2008_004399
02126 | 2008_003333
01919 | 2007_002643
01211 | 2010_001313
00394 | 2010_000929
-0121 | 2007_005759
-0941 | 2010_004337
-0957 | 2009_004801
-1157 | 2010_003947
-1954 | 2008_001150
-2945 | 2008_005049
-4662 | 2007_006647
-6109 | 2010_004697
-8291 | 2009_002239
-8471 | 2007_002823
-10936 | 2010_005252
-75749 | 2010_001553
-94318 | 2008_005915
person
123714 | 2008_000359
107282 | 2007_002824
100904 | 2008_000234
91071 | 2008_003210
90531 | 2011_002578
89243 | 2007_001526
88420 | 2007_008944
85302 | 2007_000999
84207 | 2009_002372
83292 | 2011_002308
82494 | 2011_002317
79809 | 2007_007493
78476 | 2008_007219
77265 | 2007_009654
75896 | 2008_000215
75241 | 2007_001284
74995 | 2007_009413
74545 | 2011_002343
74528 | 2011_001988
74243 | 2007_006698
73540 | 2011_000438
72788 | 2007_000323
72656 | 2011_000843
69803 | 2011_001069
69282 | 2011_000054
68837 | 2008_000795
66006 | 2007_006117
65997 | 2008_008335
65834 | 2008_006275
64477 | 2011_001447
63175 | 2008_003874
63086 | 2008_004101
62933 | 2007_005845
62668 | 2008_003492
62088 | 2010_003014
60589 | 2007_009687
59937 | 2008_000573
58273 | 2008_002864
57915 | 2008_006526
57643 | 2010_001579
56620 | 2011_003240
55218 | 2010_005046
54695 | 2008_004140
54610 | 2011_001674
54384 | 2008_000213
53482 | 2011_002498
52701 | 2009_002185
51677 | 2007_002728
51644 | 2008_001629
51603 | 2011_000051
50978 | 2011_002075
50593 | 2007_003020
50538 | 2007_004902
50404 | 2008_003511
49622 | 2010_002623
48624 | 2008_007737
48592 | 2009_002732
48306 | 2011_000638
48140 | 2010_000174
48117 | 2007_006076
47981 | 2009_003849
47613 | 2010_004479
47117 | 2007_008430
46991 | 2007_006864
46680 | 2007_001408
46376 | 2008_001504
45382 | 2010_000559
45335 | 2010_005626
45321 | 2007_000346
45030 | 2010_005582
44596 | 2007_005304
43734 | 2011_000479
43152 | 2008_000992
43105 | 2008_006408
42970 | 2008_003733
42757 | 2008_001821
42660 | 2010_001367
42475 | 2007_003088
41947 | 2009_005038
41618 | 2008_003076
41445 | 2007_003134
39312 | 2008_007402
38747 | 2011_000455
37764 | 2008_004575
37697 | 2010_005709
37379 | 2008_006108
37081 | 2010_003325
35989 | 2007_007795
35865 | 2007_001630
35562 | 2008_001074
35484 | 2008_005812
35123 | 2007_002119
34886 | 2009_000418
34578 | 2007_001430
34561 | 2010_001767
33932 | 2011_000953
33855 | 2007_008708
33639 | 2008_001249
33617 | 2008_006874
33427 | 2009_002346
33329 | 2007_006560
33223 | 2008_003108
31931 | 2009_004859
31556 | 2008_000271
31221 | 2008_003676
31210 | 2009_003269
30903 | 2011_002200
30594 | 2007_009684
30562 | 2007_007195
30539 | 2009_002584
30111 | 2008_001170
30045 | 2008_001992
29826 | 2008_003546
29740 | 2008_002588
29712 | 2008_008362
29599 | 2007_004712
28947 | 2009_001718
28335 | 2007_003106
28084 | 2011_002641
27685 | 2007_000129
27683 | 2011_001567
27669 | 2007_009320
27581 | 2007_007996
27428 | 2007_007810
27017 | 2010_000738
26645 | 2008_005399
26643 | 2011_001416
26414 | 2007_001717
26016 | 2007_001423
25933 | 2009_003494
24779 | 2008_001874
23910 | 2008_003856
23608 | 2008_000233
23126 | 2011_002997
22964 | 2011_001071
22830 | 2007_000799
22758 | 2007_003188
22210 | 2011_002358
21527 | 2010_005871
21317 | 2007_004392
21083 | 2009_000704
21069 | 2007_009691
20709 | 2010_001699
20683 | 2008_001308
19901 | 2009_000219
19641 | 2010_001692
19419 | 2007_006647
18688 | 2007_002624
18669 | 2007_000847
18270 | 2011_000809
18217 | 2007_008897
18166 | 2010_002017
18142 | 2008_001491
18068 | 2011_002575
18028 | 2007_003742
17691 | 2008_002775
17673 | 2010_000530
17631 | 2007_009258
17183 | 2011_001159
16671 | 2010_002929
16547 | 2010_002763
16237 | 2007_003373
15759 | 2008_007828
15706 | 2010_004697
15637 | 2008_000661
15470 | 2008_001404
15333 | 2007_000762
15278 | 2008_003034
15176 | 2007_002378
15138 | 2011_001619
14868 | 2008_005445
14788 | 2008_005197
14620 | 2011_002623
14291 | 2010_004815
14095 | 2011_002322
14087 | 2009_004221
14085 | 2008_001547
13834 | 2007_006364
13570 | 2009_003576
13333 | 2007_007109
13152 | 2008_001531
13098 | 2008_003451
13059 | 2008_006254
13010 | 2008_000700
12968 | 2007_004722
12897 | 2008_004654
12582 | 2008_001076
12079 | 2007_007651
12071 | 2009_000309
11861 | 2011_001060
11791 | 2008_003238
11633 | 2008_007994
11367 | 2010_004828
11359 | 2009_004507
11272 | 2007_006444
11269 | 2009_002649
11032 | 2011_001794
11020 | 2007_007007
10954 | 2008_008469
10918 | 2009_001299
10786 | 2007_004275
10783 | 2008_006341
10455 | 2011_002002
10267 | 2010_004432
09644 | 2009_003071
09559 | 2008_000474
09327 | 2007_006171
09118 | 2011_002110
09045 | 2007_007203
09033 | 2007_004121
09003 | 2007_001678
08859 | 2008_000630
08711 | 2009_005217
08445 | 2010_005166
08435 | 2011_001276
08320 | 2009_002042
08230 | 2007_001311
08226 | 2007_005608
08048 | 2010_002137
07944 | 2008_005738
07857 | 2007_003530
07819 | 2008_006216
07574 | 2008_000270
07571 | 2010_002902
07477 | 2007_007849
07395 | 2010_000256
07383 | 2007_009331
07281 | 2008_002212
07031 | 2007_001585
06694 | 2007_005354
06626 | 2008_000510
06603 | 2008_003330
06441 | 2009_004987
06437 | 2009_004848
06311 | 2010_003409
06266 | 2007_005281
06132 | 2009_001663
06080 | 2008_008221
06021 | 2008_000223
05883 | 2007_008204
05535 | 2010_005118
05527 | 2011_000585
05466 | 2011_000435
05423 | 2008_006554
05422 | 2008_002942
05383 | 2010_001563
04937 | 2010_000038
04909 | 2010_003239
04573 | 2008_003333
04507 | 2009_003991
04432 | 2007_004281
04336 | 2007_009655
04327 | 2011_003019
04305 | 2008_001028
04271 | 2007_007235
04068 | 2007_008110
03698 | 2007_002565
03659 | 2009_001433
03652 | 2007_000783
03647 | 2011_002124
03577 | 2009_003065
03473 | 2011_003114
03371 | 2007_002643
03364 | 2011_001346
03352 | 2010_004219
03324 | 2010_001024
03321 | 2008_000662
03230 | 2010_000666
03176 | 2010_005252
03136 | 2007_006866
02970 | 2007_004538
02964 | 2007_005331
02813 | 2007_003503
02769 | 2007_007748
02606 | 2008_000673
02550 | 2007_001594
02537 | 2010_003446
02514 | 2008_000666
02481 | 2011_000618
02451 | 2007_007341
02394 | 2007_008256
02389 | 2008_004687
02376 | 2008_001231
02357 | 2007_001586
02354 | 2007_004033
02261 | 2007_009750
02250 | 2009_005087
02187 | 2009_000421
02148 | 2008_005245
01981 | 2009_004994
01958 | 2008_003461
01929 | 2010_005284
01864 | 2007_006028
01819 | 2010_000238
01696 | 2007_001175
01617 | 2009_001854
01542 | 2007_009841
01516 | 2007_003621
01493 | 2007_005173
01443 | 2010_005245
01347 | 2008_003141
01331 | 2008_003379
01326 | 2008_007392
01317 | 2011_001529
01271 | 2010_003854
01228 | 2010_001768
01185 | 2008_002241
00937 | 2009_002382
00907 | 2010_000083
00812 | 2008_002835
00747 | 2008_008127
00730 | 2009_003003
00692 | 2008_002929
00679 | 2007_003022
00675 | 2007_000727
00647 | 2008_001283
00630 | 2010_000679
00577 | 2007_003367
00577 | 2007_009084
00568 | 2011_001613
00547 | 2011_002675
00466 | 2010_004337
00454 | 2007_008802
00310 | 2007_007414
00308 | 2010_001246
00264 | 2010_001966
00222 | 2007_005114
00217 | 2007_002387
00190 | 2007_005600
00183 | 2011_002515
00162 | 2009_000149
00149 | 2009_000457
00148 | 2007_005107
00107 | 2010_000682
-0011 | 2007_000862
-0042 | 2008_004399
-0051 | 2010_001734
-0060 | 2011_000874
-0068 | 2009_003043
-0074 | 2010_001206
-0089 | 2009_002238
-0095 | 2011_000503
-0096 | 2010_004208
-0102 | 2011_002327
-0106 | 2008_000811
-0106 | 2010_004314
-0114 | 2007_003611
-0152 | 2009_000455
-0171 | 2010_000084
-0186 | 2010_000929
-0192 | 2009_000727
-0201 | 2009_003895
-0212 | 2007_000629
-0226 | 2011_002247
-0244 | 2007_009251
-0258 | 2011_002244
-0267 | 2007_005509
-0268 | 2010_001151
-0293 | 2011_000234
-0360 | 2010_004951
-0362 | 2007_009756
-0373 | 2011_001161
-0389 | 2008_005338
-0399 | 2009_001804
-0466 | 2011_000888
-0475 | 2008_001013
-0503 | 2011_002592
-0587 | 2011_002730
-0657 | 2010_003597
-0687 | 2009_004125
-0727 | 2010_001036
-0741 | 2010_000573
-0821 | 2010_005013
-0955 | 2007_005547
-0966 | 2010_002161
-0970 | 2011_000248
-0977 | 2007_002719
-0980 | 2010_002546
-0983 | 2007_005759
-0985 | 2011_002532
-0994 | 2010_002682
-1041 | 2011_003085
-1062 | 2010_003293
-1149 | 2009_000825
-1168 | 2007_006373
-1230 | 2007_005296
-1292 | 2011_000178
-1306 | 2010_001313
-1674 | 2007_003711
-1758 | 2007_006841
-1787 | 2007_008596
-1838 | 2009_003323
-1867 | 2008_000725
-1996 | 2009_004801
-2056 | 2010_001908
-2066 | 2007_002823
-2128 | 2008_008629
-2145 | 2009_004072
-2295 | 2011_000566
-2303 | 2010_001951
-2309 | 2008_000469
-2351 | 2007_006802
-2937 | 2010_002792
-3330 | 2009_005078
-3476 | 2008_000254
-3501 | 2009_001215
-3766 | 2007_007836
-3806 | 2009_002651
-4201 | 2007_002539
-4285 | 2007_009068
-4558 | 2008_002495
-4692 | 2007_007815
-4931 | 2010_002251
-4932 | 2007_008374
-5387 | 2009_002239
-5579 | 2009_001768
-5807 | 2008_006722
-5887 | 2009_004738
-6220 | 2009_004043
-6391 | 2007_004380
-6443 | 2010_004559
-6564 | 2010_003746
-6851 | 2010_002396
-6993 | 2008_005089
-7015 | 2007_002426
-7173 | 2008_000763
-7974 | 2011_002509
-8445 | 2009_000074
-8524 | 2010_003381
-9573 | 2009_000730
-10107 | 2009_002317
-10191 | 2010_000087
-12466 | 2011_000780
-15725 | 2010_005606
-16207 | 2010_004165
-19663 | 2010_004472
-21693 | 2007_007498
-22096 | 2007_008964
-22618 | 2011_001530
-25688 | 2009_001687
-36208 | 2010_000110
-41827 | 2008_000731
-43877 | 2007_004112
-56080 | 2010_005991
-69409 | 2011_001714
-73000 | 2008_001895
potted-plant
38929 | 2010_004757
36111 | 2010_000330
32128 | 2008_005242
29133 | 2008_002379
27423 | 2010_000639
26081 | 2008_000391
24092 | 2010_005187
18195 | 2010_001773
17946 | 2007_007624
17838 | 2008_005217
16431 | 2010_004382
10943 | 2009_000488
10202 | 2009_001684
10153 | 2007_008547
08678 | 2007_002378
07469 | 2010_003302
07404 | 2007_002284
07338 | 2009_001775
06166 | 2008_008434
06107 | 2007_005857
05727 | 2010_003781
05520 | 2007_004712
04664 | 2009_001644
04279 | 2008_003135
03286 | 2008_001078
02278 | 2011_000747
01282 | 2007_001430
00710 | 2009_002771
00369 | 2007_009252
00211 | 2010_000284
00147 | 2008_003003
-0044 | 2010_003597
-0127 | 2007_001154
-0174 | 2010_004825
-0222 | 2011_001005
-0241 | 2011_000178
-0246 | 2008_006275
-0305 | 2010_001851
-0310 | 2007_008106
-0330 | 2011_001726
-0362 | 2007_007130
-0419 | 2011_002812
-0637 | 2010_001699
-0694 | 2011_001862
-0873 | 2007_004121
-1127 | 2011_002391
-1230 | 2009_005038
-1347 | 2011_003205
-1476 | 2007_000661
-1523 | 2007_002427
-1598 | 2007_009068
-1616 | 2007_004275
-1616 | 2008_001688
-1772 | 2009_002928
-2054 | 2010_005305
-2323 | 2009_002571
-2330 | 2007_004392
-2351 | 2009_003564
-2594 | 2007_009750
-2999 | 2007_007795
-2999 | 2007_003020
-3395 | 2011_001713
-3568 | 2010_002336
-4069 | 2007_001408
-4076 | 2007_009419
-4105 | 2007_004558
-4191 | 2009_000418
-4699 | 2010_005860
-5925 | 2010_001246
-6136 | 2008_005680
-6243 | 2008_003676
-7290 | 2008_001283
-9212 | 2009_003507
-9557 | 2009_002584
-9733 | 2009_002487
-10034 | 2011_003103
-11912 | 2010_002137
-13717 | 2008_004477
-14593 | 2008_002273
-20276 | 2007_003367
-21726 | 2007_003506
-25995 | 2008_001966
-29946 | 2007_005813
-32392 | 2011_001863
-79572 | 2010_003123
sheep
90429 | 2008_004854
89103 | 2009_001991
79006 | 2007_007534
61577 | 2009_001768
56017 | 2010_002106
53816 | 2008_004453
49785 | 2010_004226
47688 | 2007_002618
47521 | 2007_000175
45777 | 2007_006678
39151 | 2007_000676
34906 | 2008_007814
34208 | 2007_000925
33947 | 2009_003666
32088 | 2010_001256
31963 | 2007_002648
31366 | 2011_001350
31230 | 2010_001557
29782 | 2008_005633
29081 | 2010_003541
28823 | 2008_006835
28747 | 2008_007677
26795 | 2010_002232
26672 | 2010_005788
24828 | 2009_000924
24413 | 2009_001505
20490 | 2010_001577
19924 | 2009_000675
17733 | 2010_001522
16523 | 2010_001011
13807 | 2008_002536
13614 | 2009_000039
10630 | 2007_005915
08155 | 2007_009320
06099 | 2007_007165
05677 | 2009_002082
04767 | 2011_000436
03750 | 2007_004969
02543 | 2011_001020
01239 | 2009_004070
00499 | 2010_005160
-0233 | 2007_001594
-0529 | 2007_006837
-0933 | 2007_005469
-1092 | 2010_001079
-1517 | 2010_000309
-1669 | 2009_005089
-3574 | 2010_006026
-4111 | 2011_002662
-5585 | 2007_005058
-5868 | 2007_001733
-5934 | 2007_003714
-8284 | 2008_007497
-29654 | 2008_006327
-30656 | 2008_004621
-42606 | 2010_005719
-43226 | 2011_002178
sofa
72057 | 2011_001005
68218 | 2009_004298
66046 | 2010_001962
56747 | 2009_003607
54167 | 2007_009252
51691 | 2011_000070
45174 | 2009_000242
33373 | 2009_003123
31735 | 2010_000284
30801 | 2011_000173
28645 | 2007_001458
28046 | 2008_003709
24915 | 2010_001149
21372 | 2009_000096
19171 | 2008_000149
17949 | 2007_001457
17199 | 2009_004993
16399 | 2010_000256
16153 | 2007_001154
13657 | 2009_000087
12726 | 2007_006373
11485 | 2007_009521
11061 | 2009_002571
08875 | 2007_000661
08391 | 2008_006784
08057 | 2008_008103
07933 | 2009_000487
07191 | 2009_001731
06031 | 2007_000804
05394 | 2009_003895
04176 | 2008_000589
03414 | 2007_006171
03166 | 2011_001713
00664 | 2011_002124
00574 | 2009_001644
00459 | 2008_004172
-0111 | 2011_001862
-1024 | 2011_003103
-1116 | 2010_005180
-2020 | 2011_001794
-3797 | 2011_001567
-3945 | 2010_005606
-4371 | 2010_003014
-4433 | 2009_000732
-4912 | 2009_004140
-5641 | 2011_002879
-7434 | 2007_009592
-8556 | 2011_002391
-9862 | 2009_001775
-10886 | 2007_007996
-10908 | 2007_009068
-12544 | 2007_003169
-12654 | 2009_002346
-15101 | 2009_003564
-15537 | 2007_003011
-15638 | 2007_001585
-15839 | 2008_003733
-15971 | 2007_000452
-16232 | 2011_000310
-18032 | 2007_003530
-18247 | 2008_002929
-18321 | 2010_004783
-18912 | 2010_001767
-19551 | 2007_002427
-23409 | 2009_000418
-24123 | 2010_005991
-24559 | 2007_002426
-25183 | 2007_009684
-25601 | 2007_008543
-25739 | 2011_002644
-26220 | 2008_000270
-26566 | 2009_004687
-29012 | 2007_002268
-30359 | 2011_001674
-30564 | 2009_002390
-30702 | 2010_003597
-32537 | 2008_004562
-43998 | 2010_004757
-47024 | 2010_002137
-57381 | 2007_001763
-61322 | 2011_003256
-69830 | 2009_004099
-80515 | 2007_009655
-80846 | 2007_007417
-83691 | 2009_002732
-144230 | 2011_001601
-146808 | 2010_002531
-148809 | 2007_008260
-150151 | 2010_001327
-150302 | 2011_003182
train
136444 | 2011_003197
100381 | 2007_005689
81309 | 2007_005626
76584 | 2011_002247
73293 | 2007_000042
65512 | 2008_004367
63600 | 2007_007881
63256 | 2007_006680
60246 | 2009_002638
58580 | 2007_000123
58522 | 2007_007168
56468 | 2007_006802
56417 | 2007_003499
54272 | 2009_002291
53893 | 2009_002568
53115 | 2009_005220
52812 | 2007_002565
51763 | 2009_004255
49625 | 2007_004483
48501 | 2008_004610
48158 | 2011_001614
48154 | 2008_008221
46656 | 2011_003146
46463 | 2009_003105
44299 | 2009_001333
43406 | 2008_000657
41913 | 2011_000283
39980 | 2008_003105
37412 | 2008_006055
36893 | 2007_003848
36690 | 2009_003433
35703 | 2009_000712
34493 | 2011_000521
32449 | 2007_000636
32249 | 2008_006553
31788 | 2010_002682
29344 | 2009_002202
28494 | 2008_006752
27728 | 2007_003587
27582 | 2011_001281
27544 | 2009_002265
27471 | 2007_004649
26900 | 2007_003957
25885 | 2009_003311
20707 | 2009_002982
16423 | 2010_000764
15608 | 2008_004212
14734 | 2009_000628
12600 | 2010_005727
12356 | 2010_001951
12173 | 2010_004980
11242 | 2009_001300
11216 | 2007_000629
09708 | 2010_001734
09574 | 2007_008339
08379 | 2009_003299
07923 | 2011_002535
06516 | 2011_000291
06515 | 2007_007195
05073 | 2009_000022
03995 | 2009_000845
03573 | 2007_002728
01990 | 2010_001151
01755 | 2009_004799
00326 | 2010_006054
00261 | 2010_003514
-0178 | 2008_005544
-0268 | 2011_001082
-0613 | 2007_004281
-4167 | 2010_003708
-6890 | 2009_005148
-7125 | 2009_003938
-11562 | 2010_001104
-11639 | 2009_004730
-16863 | 2008_006523
-19297 | 2010_003956
-24795 | 2010_005706
-26445 | 2008_002900
-31010 | 2011_002379
-31219 | 2011_001060
-37896 | 2009_002887
-38911 | 2010_005871
-46120 | 2010_004149
-181429 | 2010_004951
tv/monitor
91724 | 2009_002562
68475 | 2008_002464
65180 | 2008_005254
62953 | 2009_003523
53538 | 2008_005439
48743 | 2008_000016
37725 | 2011_002532
37579 | 2007_007196
35846 | 2007_009446
35128 | 2008_003885
34570 | 2008_002680
32723 | 2008_004279
25178 | 2008_004754
24301 | 2010_000318
23831 | 2007_004190
21055 | 2007_000559
20524 | 2010_001752
17538 | 2010_004479
14952 | 2007_001678
13556 | 2009_002094
11940 | 2011_002879
10017 | 2010_004857
09602 | 2007_000187
09393 | 2011_001910
09245 | 2009_002573
08173 | 2010_002921
08018 | 2009_000136
07243 | 2008_005089
07117 | 2008_006159
07084 | 2007_004510
06940 | 2007_004193
06050 | 2007_003011
05672 | 2007_008374
05277 | 2008_007527
05090 | 2007_001430
05017 | 2009_002366
04093 | 2009_003895
03149 | 2010_000738
03142 | 2007_007203
02826 | 2009_004993
02418 | 2011_000607
02318 | 2008_004910
02155 | 2007_001175
02090 | 2007_009521
02053 | 2007_007130
01957 | 2009_000488
01808 | 2008_005445
01294 | 2007_008897
00657 | 2010_005180
00576 | 2007_006348
00391 | 2009_001644
00265 | 2011_002644
00239 | 2009_000391
00231 | 2009_003857
00193 | 2009_000704
-0274 | 2007_007996
-0767 | 2008_007828
-1384 | 2011_002509
-1706 | 2007_001763
-2791 | 2007_007849
-3074 | 2009_003387
-3227 | 2007_002119
-4066 | 2011_002156
-6188 | 2007_001717
-7239 | 2007_002132
-7523 | 2008_001688
-9205 | 2009_001363
-11112 | 2011_001726
-16559 | 2008_003003
-25256 | 2010_001367
-27335 | 2010_005305
-28802 | 2008_003026
-36745 | 2007_008204
-66570 | 2009_003551
